CASE ordinal=3 f=4 n=5 phase=corner boxes=48 positive=10 pruned=22 depth=3 smallest=0.04178887764990063
CASE ordinal=3 f=4 n=5 phase=lower boxes=5596 positive=132 pruned=2730 depth=10 smallest=0.22559753787165823
CASE ordinal=3 f=4 n=5 phase=open boxes=6080 positive=0 pruned=3104 depth=10 smallest=inf
CASE ordinal=11 f=4 n=13 phase=corner boxes=82 positive=8 pruned=41 depth=4 smallest=0.24344880957936246
CASE ordinal=11 f=4 n=13 phase=lower boxes=3494 positive=0 pruned=1811 depth=12 smallest=inf
CASE ordinal=11 f=4 n=13 phase=open boxes=3330 positive=0 pruned=1729 depth=12 smallest=inf
CASE ordinal=19 f=4 n=21 phase=corner boxes=152 positive=11 pruned=73 depth=5 smallest=0.07251937807300891
CASE ordinal=19 f=4 n=21 phase=lower boxes=6950 positive=0 pruned=3539 depth=12 smallest=inf
CASE ordinal=19 f=4 n=21 phase=open boxes=6712 positive=0 pruned=3420 depth=12 smallest=inf
CASE ordinal=27 f=4 n=29 phase=corner boxes=242 positive=17 pruned=112 depth=6 smallest=0.06580982104977946
CASE ordinal=27 f=4 n=29 phase=lower boxes=10846 positive=0 pruned=5487 depth=14 smallest=inf
CASE ordinal=27 f=4 n=29 phase=open boxes=9742 positive=0 pruned=4935 depth=14 smallest=inf
CASE ordinal=35 f=4 n=37 phase=corner boxes=354 positive=31 pruned=154 depth=7 smallest=0.061983348408519004
CASE ordinal=35 f=4 n=37 phase=lower boxes=15006 positive=0 pruned=7567 depth=14 smallest=inf
CASE ordinal=35 f=4 n=37 phase=open boxes=14206 positive=0 pruned=7167 depth=14 smallest=inf
CASE ordinal=43 f=5 n=8 phase=corner boxes=44 positive=4 pruned=26 depth=3 smallest=1.1365661937784477
CASE ordinal=43 f=5 n=8 phase=lower boxes=2130 positive=0 pruned=1129 depth=10 smallest=inf
CASE ordinal=43 f=5 n=8 phase=open boxes=2056 positive=0 pruned=1092 depth=10 smallest=inf
CASE ordinal=51 f=5 n=16 phase=corner boxes=78 positive=5 pruned=42 depth=5 smallest=0.3456481280187104
CASE ordinal=51 f=5 n=16 phase=lower boxes=4858 positive=0 pruned=2493 depth=12 smallest=inf
CASE ordinal=51 f=5 n=16 phase=open boxes=4748 positive=0 pruned=2438 depth=12 smallest=inf
CASE ordinal=59 f=5 n=24 phase=corner boxes=124 positive=9 pruned=61 depth=6 smallest=0.2324332852272095
CASE ordinal=59 f=5 n=24 phase=lower boxes=7476 positive=0 pruned=3802 depth=12 smallest=inf
CASE ordinal=59 f=5 n=24 phase=open boxes=7574 positive=0 pruned=3851 depth=12 smallest=inf
CASE ordinal=67 f=6 n=11 phase=corner boxes=46 positive=3 pruned=28 depth=4 smallest=0.771609568076368
CASE ordinal=67 f=6 n=11 phase=lower boxes=2976 positive=0 pruned=1552 depth=10 smallest=inf
CASE ordinal=67 f=6 n=11 phase=open boxes=2936 positive=0 pruned=1532 depth=10 smallest=inf
CASE ordinal=75 f=6 n=19 phase=corner boxes=72 positive=6 pruned=38 depth=5 smallest=0.16752510684324537
CASE ordinal=75 f=6 n=19 phase=lower boxes=6158 positive=0 pruned=3143 depth=12 smallest=inf
CASE ordinal=75 f=6 n=19 phase=open boxes=5886 positive=0 pruned=3007 depth=12 smallest=inf
CASE ordinal=83 f=7 n=7 phase=corner boxes=40 positive=0 pruned=28 depth=3 smallest=inf
CASE ordinal=83 f=7 n=7 phase=lower boxes=2120 positive=0 pruned=1124 depth=10 smallest=inf
CASE ordinal=83 f=7 n=7 phase=open boxes=2072 positive=0 pruned=1100 depth=10 smallest=inf
CASE ordinal=91 f=7 n=15 phase=corner boxes=54 positive=3 pruned=32 depth=5 smallest=0.46659612431279823
CASE ordinal=91 f=7 n=15 phase=lower boxes=4330 positive=0 pruned=2229 depth=12 smallest=inf
CASE ordinal=91 f=7 n=15 phase=open boxes=4158 positive=0 pruned=2143 depth=12 smallest=inf
CASE ordinal=99 f=7 n=23 phase=corner boxes=84 positive=4 pruned=46 depth=5 smallest=0.9640754463036285
CASE ordinal=99 f=7 n=23 phase=lower boxes=7232 positive=0 pruned=3680 depth=12 smallest=inf
CASE ordinal=99 f=7 n=23 phase=open boxes=7242 positive=0 pruned=3685 depth=12 smallest=inf
CASE ordinal=107 f=8 n=10 phase=corner boxes=42 positive=0 pruned=29 depth=4 smallest=inf
CASE ordinal=107 f=8 n=10 phase=lower boxes=2828 positive=0 pruned=1478 depth=10 smallest=inf
CASE ordinal=107 f=8 n=10 phase=open boxes=2782 positive=0 pruned=1455 depth=10 smallest=inf
CASE ordinal=115 f=8 n=18 phase=corner boxes=58 positive=3 pruned=34 depth=5 smallest=0.530519291176321
CASE ordinal=115 f=8 n=18 phase=lower boxes=5616 positive=0 pruned=2872 depth=12 smallest=inf
CASE ordinal=115 f=8 n=18 phase=open boxes=5528 positive=0 pruned=2828 depth=12 smallest=inf
CASE ordinal=123 f=9 n=6 phase=corner boxes=24 positive=0 pruned=20 depth=3 smallest=inf
CASE ordinal=123 f=9 n=6 phase=lower boxes=1998 positive=0 pruned=1063 depth=10 smallest=inf
CASE ordinal=123 f=9 n=6 phase=open boxes=2006 positive=0 pruned=1067 depth=10 smallest=inf
CASE ordinal=131 f=9 n=14 phase=corner boxes=46 positive=0 pruned=31 depth=4 smallest=inf
CASE ordinal=131 f=9 n=14 phase=lower boxes=3848 positive=0 pruned=1988 depth=12 smallest=inf
CASE ordinal=131 f=9 n=14 phase=open boxes=3852 positive=0 pruned=1990 depth=12 smallest=inf
CASE ordinal=139 f=9 n=22 phase=corner boxes=62 positive=4 pruned=35 depth=5 smallest=0.24445707177014112
CASE ordinal=139 f=9 n=22 phase=lower boxes=6710 positive=0 pruned=3419 depth=12 smallest=inf
CASE ordinal=139 f=9 n=22 phase=open boxes=6746 positive=0 pruned=3437 depth=12 smallest=inf
CASE ordinal=147 f=10 n=10 phase=corner boxes=34 positive=0 pruned=25 depth=4 smallest=inf
CASE ordinal=147 f=10 n=10 phase=lower boxes=3142 positive=0 pruned=1635 depth=10 smallest=inf
CASE ordinal=147 f=10 n=10 phase=open boxes=3114 positive=0 pruned=1621 depth=10 smallest=inf
CASE ordinal=155 f=10 n=18 phase=corner boxes=54 positive=1 pruned=34 depth=5 smallest=2.8158783975314057
CASE ordinal=155 f=10 n=18 phase=lower boxes=5410 positive=0 pruned=2769 depth=12 smallest=inf
CASE ordinal=155 f=10 n=18 phase=open boxes=5288 positive=0 pruned=2708 depth=12 smallest=inf
CASE ordinal=163 f=10 n=26 phase=corner boxes=72 positive=3 pruned=41 depth=6 smallest=1.0182584669021717
CASE ordinal=163 f=10 n=26 phase=lower boxes=7636 positive=0 pruned=3882 depth=14 smallest=inf
CASE ordinal=163 f=10 n=26 phase=open boxes=7572 positive=0 pruned=3850 depth=14 smallest=inf
CASE ordinal=171 f=11 n=14 phase=corner boxes=44 positive=0 pruned=30 depth=4 smallest=inf
CASE ordinal=171 f=11 n=14 phase=lower boxes=4454 positive=0 pruned=2291 depth=12 smallest=inf
CASE ordinal=171 f=11 n=14 phase=open boxes=4400 positive=0 pruned=2264 depth=12 smallest=inf
CASE ordinal=179 f=11 n=22 phase=corner boxes=60 positive=1 pruned=37 depth=5 smallest=2.5933948807455764
CASE ordinal=179 f=11 n=22 phase=lower boxes=6664 positive=0 pruned=3396 depth=12 smallest=inf
CASE ordinal=179 f=11 n=22 phase=open boxes=6596 positive=0 pruned=3362 depth=12 smallest=inf
CASE ordinal=187 f=12 n=11 phase=corner boxes=34 positive=0 pruned=25 depth=5 smallest=inf
CASE ordinal=187 f=12 n=11 phase=lower boxes=3312 positive=0 pruned=1720 depth=10 smallest=inf
CASE ordinal=187 f=12 n=11 phase=open boxes=3290 positive=0 pruned=1709 depth=10 smallest=inf
CASE ordinal=195 f=12 n=19 phase=corner boxes=50 positive=0 pruned=33 depth=5 smallest=inf
CASE ordinal=195 f=12 n=19 phase=lower boxes=6046 positive=0 pruned=3087 depth=12 smallest=inf
CASE ordinal=195 f=12 n=19 phase=open boxes=5918 positive=0 pruned=3023 depth=12 smallest=inf
CASE ordinal=203 f=12 n=27 phase=corner boxes=64 positive=2 pruned=38 depth=5 smallest=2.006661017275538
CASE ordinal=203 f=12 n=27 phase=lower boxes=8246 positive=0 pruned=4187 depth=14 smallest=inf
CASE ordinal=203 f=12 n=27 phase=open boxes=7974 positive=0 pruned=4051 depth=14 smallest=inf
CASE ordinal=211 f=13 n=16 phase=corner boxes=42 positive=0 pruned=29 depth=5 smallest=inf
CASE ordinal=211 f=13 n=16 phase=lower boxes=5308 positive=0 pruned=2718 depth=12 smallest=inf
CASE ordinal=211 f=13 n=16 phase=open boxes=5190 positive=0 pruned=2659 depth=12 smallest=inf
CASE ordinal=219 f=13 n=24 phase=corner boxes=62 positive=0 pruned=39 depth=5 smallest=inf
CASE ordinal=219 f=13 n=24 phase=lower boxes=7096 positive=0 pruned=3612 depth=12 smallest=inf
CASE ordinal=219 f=13 n=24 phase=open boxes=7036 positive=0 pruned=3582 depth=12 smallest=inf
CASE ordinal=227 f=14 n=13 phase=corner boxes=32 positive=0 pruned=24 depth=4 smallest=inf
CASE ordinal=227 f=14 n=13 phase=lower boxes=4366 positive=0 pruned=2247 depth=12 smallest=inf
CASE ordinal=227 f=14 n=13 phase=open boxes=4348 positive=0 pruned=2238 depth=12 smallest=inf
CASE ordinal=235 f=14 n=21 phase=corner boxes=50 positive=0 pruned=33 depth=5 smallest=inf
CASE ordinal=235 f=14 n=21 phase=lower boxes=6424 positive=0 pruned=3276 depth=12 smallest=inf
CASE ordinal=235 f=14 n=21 phase=open boxes=6440 positive=0 pruned=3284 depth=12 smallest=inf
CASE ordinal=243 f=14 n=29 phase=corner boxes=64 positive=1 pruned=39 depth=5 smallest=3.6913410258560453
CASE ordinal=243 f=14 n=29 phase=lower boxes=9294 positive=0 pruned=4711 depth=14 smallest=inf
CASE ordinal=243 f=14 n=29 phase=open boxes=9204 positive=0 pruned=4666 depth=14 smallest=inf
CASE ordinal=251 f=15 n=19 phase=corner boxes=44 positive=0 pruned=30 depth=5 smallest=inf
CASE ordinal=251 f=15 n=19 phase=lower boxes=6528 positive=0 pruned=3328 depth=12 smallest=inf
CASE ordinal=251 f=15 n=19 phase=open boxes=6490 positive=0 pruned=3309 depth=12 smallest=inf
CASE ordinal=259 f=15 n=27 phase=corner boxes=60 positive=0 pruned=38 depth=5 smallest=inf
CASE ordinal=259 f=15 n=27 phase=lower boxes=8708 positive=0 pruned=4418 depth=14 smallest=inf
CASE ordinal=259 f=15 n=27 phase=open boxes=8662 positive=0 pruned=4395 depth=14 smallest=inf
CASE ordinal=267 f=16 n=17 phase=corner boxes=40 positive=0 pruned=28 depth=5 smallest=inf
CASE ordinal=267 f=16 n=17 phase=lower boxes=5812 positive=0 pruned=2970 depth=12 smallest=inf
CASE ordinal=267 f=16 n=17 phase=open boxes=5800 positive=0 pruned=2964 depth=12 smallest=inf
CASE ordinal=275 f=16 n=25 phase=corner boxes=54 positive=0 pruned=35 depth=5 smallest=inf
CASE ordinal=275 f=16 n=25 phase=lower boxes=7240 positive=0 pruned=3684 depth=14 smallest=inf
CASE ordinal=275 f=16 n=25 phase=open boxes=7240 positive=0 pruned=3684 depth=14 smallest=inf
CASE ordinal=283 f=17 n=15 phase=corner boxes=36 positive=0 pruned=26 depth=5 smallest=inf
CASE ordinal=283 f=17 n=15 phase=lower boxes=4930 positive=0 pruned=2529 depth=12 smallest=inf
CASE ordinal=283 f=17 n=15 phase=open boxes=4940 positive=0 pruned=2534 depth=12 smallest=inf
CASE ordinal=291 f=17 n=23 phase=corner boxes=48 positive=0 pruned=32 depth=5 smallest=inf
CASE ordinal=291 f=17 n=23 phase=lower boxes=7288 positive=0 pruned=3708 depth=12 smallest=inf
CASE ordinal=291 f=17 n=23 phase=open boxes=7282 positive=0 pruned=3705 depth=12 smallest=inf
CASE ordinal=299 f=17 n=31 phase=corner boxes=64 positive=0 pruned=40 depth=6 smallest=inf
CASE ordinal=299 f=17 n=31 phase=lower boxes=10188 positive=0 pruned=5158 depth=14 smallest=inf
CASE ordinal=299 f=17 n=31 phase=open boxes=10188 positive=0 pruned=5158 depth=14 smallest=inf
CASE ordinal=307 f=18 n=22 phase=corner boxes=48 positive=0 pruned=32 depth=5 smallest=inf
CASE ordinal=307 f=18 n=22 phase=lower boxes=6986 positive=0 pruned=3557 depth=12 smallest=inf
CASE ordinal=307 f=18 n=22 phase=open boxes=6948 positive=0 pruned=3538 depth=12 smallest=inf
CASE ordinal=315 f=18 n=30 phase=corner boxes=58 positive=0 pruned=37 depth=5 smallest=inf
CASE ordinal=315 f=18 n=30 phase=lower boxes=9974 positive=0 pruned=5051 depth=14 smallest=inf
CASE ordinal=315 f=18 n=30 phase=open boxes=9956 positive=0 pruned=5042 depth=14 smallest=inf
CASE ordinal=323 f=19 n=21 phase=corner boxes=46 positive=0 pruned=31 depth=6 smallest=inf
CASE ordinal=323 f=19 n=21 phase=lower boxes=6738 positive=0 pruned=3433 depth=12 smallest=inf
CASE ordinal=323 f=19 n=21 phase=open boxes=6740 positive=0 pruned=3434 depth=12 smallest=inf
CASE ordinal=331 f=19 n=29 phase=corner boxes=60 positive=0 pruned=38 depth=6 smallest=inf
CASE ordinal=331 f=19 n=29 phase=lower boxes=9886 positive=0 pruned=5007 depth=14 smallest=inf
CASE ordinal=331 f=19 n=29 phase=open boxes=9982 positive=0 pruned=5055 depth=14 smallest=inf
CASE ordinal=339 f=20 n=21 phase=corner boxes=44 positive=0 pruned=30 depth=6 smallest=inf
CASE ordinal=339 f=20 n=21 phase=lower boxes=6466 positive=0 pruned=3297 depth=12 smallest=inf
CASE ordinal=339 f=20 n=21 phase=open boxes=6480 positive=0 pruned=3304 depth=12 smallest=inf
CASE ordinal=347 f=20 n=29 phase=corner boxes=56 positive=0 pruned=36 depth=5 smallest=inf
CASE ordinal=347 f=20 n=29 phase=lower boxes=9946 positive=0 pruned=5037 depth=14 smallest=inf
CASE ordinal=347 f=20 n=29 phase=open boxes=9980 positive=0 pruned=5054 depth=14 smallest=inf
CASE ordinal=355 f=21 n=21 phase=corner boxes=42 positive=0 pruned=29 depth=5 smallest=inf
CASE ordinal=355 f=21 n=21 phase=lower boxes=5940 positive=0 pruned=3034 depth=12 smallest=inf
CASE ordinal=355 f=21 n=21 phase=open boxes=5958 positive=0 pruned=3043 depth=12 smallest=inf
CASE ordinal=363 f=21 n=29 phase=corner boxes=54 positive=0 pruned=35 depth=5 smallest=inf
CASE ordinal=363 f=21 n=29 phase=lower boxes=10214 positive=0 pruned=5171 depth=14 smallest=inf
CASE ordinal=363 f=21 n=29 phase=open boxes=10246 positive=0 pruned=5187 depth=14 smallest=inf
CASE ordinal=371 f=22 n=21 phase=corner boxes=42 positive=0 pruned=29 depth=5 smallest=inf
CASE ordinal=371 f=22 n=21 phase=lower boxes=6252 positive=0 pruned=3190 depth=12 smallest=inf
CASE ordinal=371 f=22 n=21 phase=open boxes=6264 positive=0 pruned=3196 depth=12 smallest=inf
CASE ordinal=379 f=22 n=29 phase=corner boxes=56 positive=0 pruned=36 depth=6 smallest=inf
CASE ordinal=379 f=22 n=29 phase=lower boxes=10212 positive=0 pruned=5170 depth=14 smallest=inf
CASE ordinal=379 f=22 n=29 phase=open boxes=10262 positive=0 pruned=5195 depth=14 smallest=inf
CASE ordinal=387 f=23 n=23 phase=corner boxes=44 positive=0 pruned=30 depth=6 smallest=inf
CASE ordinal=387 f=23 n=23 phase=lower boxes=7226 positive=0 pruned=3677 depth=14 smallest=inf
CASE ordinal=387 f=23 n=23 phase=open boxes=7202 positive=0 pruned=3665 depth=14 smallest=inf
CASE ordinal=395 f=23 n=31 phase=corner boxes=56 positive=0 pruned=36 depth=6 smallest=inf
CASE ordinal=395 f=23 n=31 phase=lower boxes=11108 positive=0 pruned=5618 depth=14 smallest=inf
CASE ordinal=395 f=23 n=31 phase=open boxes=11048 positive=0 pruned=5588 depth=14 smallest=inf
CASE ordinal=403 f=24 n=25 phase=corner boxes=46 positive=0 pruned=31 depth=6 smallest=inf
CASE ordinal=403 f=24 n=25 phase=lower boxes=8058 positive=0 pruned=4093 depth=14 smallest=inf
CASE ordinal=403 f=24 n=25 phase=open boxes=8050 positive=0 pruned=4089 depth=14 smallest=inf
CASE ordinal=411 f=24 n=33 phase=corner boxes=56 positive=0 pruned=36 depth=6 smallest=inf
CASE ordinal=411 f=24 n=33 phase=lower boxes=11874 positive=0 pruned=6001 depth=14 smallest=inf
CASE ordinal=411 f=24 n=33 phase=open boxes=11714 positive=0 pruned=5921 depth=14 smallest=inf
CASE ordinal=419 f=25 n=28 phase=corner boxes=48 positive=0 pruned=32 depth=6 smallest=inf
CASE ordinal=419 f=25 n=28 phase=lower boxes=9184 positive=0 pruned=4656 depth=14 smallest=inf
CASE ordinal=419 f=25 n=28 phase=open boxes=9150 positive=0 pruned=4639 depth=14 smallest=inf
CASE ordinal=427 f=25 n=36 phase=corner boxes=58 positive=0 pruned=37 depth=6 smallest=inf
CASE ordinal=427 f=25 n=36 phase=lower boxes=6374 positive=0 pruned=3251 depth=13 smallest=inf
CASE ordinal=427 f=25 n=36 phase=open boxes=12644 positive=0 pruned=6386 depth=14 smallest=inf
CASE ordinal=435 f=26 n=31 phase=corner boxes=54 positive=0 pruned=35 depth=6 smallest=inf
CASE ordinal=435 f=26 n=31 phase=lower boxes=11058 positive=0 pruned=5593 depth=14 smallest=inf
CASE ordinal=435 f=26 n=31 phase=open boxes=11028 positive=0 pruned=5578 depth=14 smallest=inf
CASE ordinal=443 f=27 n=26 phase=corner boxes=48 positive=0 pruned=32 depth=6 smallest=inf
CASE ordinal=443 f=27 n=26 phase=lower boxes=9038 positive=0 pruned=4583 depth=14 smallest=inf
CASE ordinal=443 f=27 n=26 phase=open boxes=8974 positive=0 pruned=4551 depth=14 smallest=inf
CASE ordinal=451 f=27 n=34 phase=corner boxes=54 positive=0 pruned=35 depth=6 smallest=inf
CASE ordinal=451 f=27 n=34 phase=lower boxes=5666 positive=0 pruned=2897 depth=13 smallest=inf
CASE ordinal=451 f=27 n=34 phase=open boxes=5658 positive=0 pruned=2893 depth=13 smallest=inf
CASE ordinal=459 f=28 n=30 phase=corner boxes=46 positive=0 pruned=31 depth=6 smallest=inf
CASE ordinal=459 f=28 n=30 phase=lower boxes=5250 positive=0 pruned=2689 depth=13 smallest=inf
CASE ordinal=459 f=28 n=30 phase=open boxes=5208 positive=0 pruned=2668 depth=13 smallest=inf
CASE ordinal=467 f=28 n=38 phase=corner boxes=58 positive=0 pruned=37 depth=6 smallest=inf
CASE ordinal=467 f=28 n=38 phase=lower boxes=6342 positive=0 pruned=3235 depth=13 smallest=inf
CASE ordinal=467 f=28 n=38 phase=open boxes=6354 positive=0 pruned=3241 depth=13 smallest=inf
CASE ordinal=475 f=29 n=34 phase=corner boxes=54 positive=0 pruned=35 depth=6 smallest=inf
CASE ordinal=475 f=29 n=34 phase=lower boxes=5754 positive=0 pruned=2941 depth=13 smallest=inf
CASE ordinal=475 f=29 n=34 phase=open boxes=5744 positive=0 pruned=2936 depth=13 smallest=inf
CASE ordinal=483 f=30 n=31 phase=corner boxes=52 positive=0 pruned=34 depth=6 smallest=inf
CASE ordinal=483 f=30 n=31 phase=lower boxes=5196 positive=0 pruned=2662 depth=13 smallest=inf
CASE ordinal=483 f=30 n=31 phase=open boxes=5204 positive=0 pruned=2666 depth=13 smallest=inf
CASE ordinal=491 f=30 n=39 phase=corner boxes=58 positive=0 pruned=37 depth=6 smallest=inf
CASE ordinal=491 f=30 n=39 phase=lower boxes=6504 positive=0 pruned=3316 depth=13 smallest=inf
CASE ordinal=491 f=30 n=39 phase=open boxes=6492 positive=0 pruned=3310 depth=13 smallest=inf
CASE ordinal=499 f=31 n=36 phase=corner boxes=54 positive=0 pruned=35 depth=6 smallest=inf
CASE ordinal=499 f=31 n=36 phase=lower boxes=5962 positive=0 pruned=3045 depth=13 smallest=inf
CASE ordinal=499 f=31 n=36 phase=open boxes=5958 positive=0 pruned=3043 depth=13 smallest=inf
CASE ordinal=507 f=32 n=34 phase=corner boxes=50 positive=0 pruned=33 depth=5 smallest=inf
CASE ordinal=507 f=32 n=34 phase=lower boxes=5684 positive=0 pruned=2906 depth=13 smallest=inf
CASE ordinal=507 f=32 n=34 phase=open boxes=5700 positive=0 pruned=2914 depth=13 smallest=inf
CASE ordinal=515 f=33 n=32 phase=corner boxes=50 positive=0 pruned=33 depth=6 smallest=inf
CASE ordinal=515 f=33 n=32 phase=lower boxes=5652 positive=0 pruned=2890 depth=13 smallest=inf
CASE ordinal=515 f=33 n=32 phase=open boxes=5654 positive=0 pruned=2891 depth=13 smallest=inf
CASE ordinal=523 f=33 n=40 phase=corner boxes=58 positive=0 pruned=37 depth=6 smallest=inf
CASE ordinal=523 f=33 n=40 phase=lower boxes=6404 positive=0 pruned=3266 depth=13 smallest=inf
CASE ordinal=523 f=33 n=40 phase=open boxes=6406 positive=0 pruned=3267 depth=13 smallest=inf
CASE ordinal=531 f=34 n=39 phase=corner boxes=56 positive=0 pruned=36 depth=7 smallest=inf
CASE ordinal=531 f=34 n=39 phase=lower boxes=6388 positive=0 pruned=3258 depth=13 smallest=inf
CASE ordinal=531 f=34 n=39 phase=open boxes=6398 positive=0 pruned=3263 depth=13 smallest=inf
CASE ordinal=539 f=35 n=38 phase=corner boxes=52 positive=0 pruned=34 depth=6 smallest=inf
CASE ordinal=539 f=35 n=38 phase=lower boxes=6006 positive=0 pruned=3067 depth=13 smallest=inf
CASE ordinal=539 f=35 n=38 phase=open boxes=6042 positive=0 pruned=3085 depth=13 smallest=inf
CASE ordinal=547 f=36 n=38 phase=corner boxes=52 positive=0 pruned=34 depth=6 smallest=inf
CASE ordinal=547 f=36 n=38 phase=lower boxes=6020 positive=0 pruned=3074 depth=13 smallest=inf
CASE ordinal=547 f=36 n=38 phase=open boxes=5974 positive=0 pruned=3051 depth=13 smallest=inf
CASE ordinal=555 f=37 n=38 phase=corner boxes=54 positive=0 pruned=35 depth=6 smallest=inf
CASE ordinal=555 f=37 n=38 phase=lower boxes=6376 positive=0 pruned=3252 depth=13 smallest=inf
CASE ordinal=555 f=37 n=38 phase=open boxes=6394 positive=0 pruned=3261 depth=13 smallest=inf
CASE ordinal=563 f=38 n=39 phase=corner boxes=58 positive=0 pruned=37 depth=6 smallest=inf
CASE ordinal=563 f=38 n=39 phase=lower boxes=6520 positive=0 pruned=3324 depth=13 smallest=inf
CASE ordinal=563 f=38 n=39 phase=open boxes=6488 positive=0 pruned=3308 depth=13 smallest=inf
CASE ordinal=571 f=39 n=40 phase=corner boxes=58 positive=0 pruned=37 depth=6 smallest=inf
CASE ordinal=571 f=39 n=40 phase=lower boxes=6624 positive=0 pruned=3376 depth=13 smallest=inf
CASE ordinal=571 f=39 n=40 phase=open boxes=6620 positive=0 pruned=3374 depth=13 smallest=inf
CASE ordinal=579 f=40 n=42 phase=corner boxes=58 positive=0 pruned=37 depth=6 smallest=inf
CASE ordinal=579 f=40 n=42 phase=lower boxes=7060 positive=0 pruned=3594 depth=15 smallest=inf
CASE ordinal=579 f=40 n=42 phase=open boxes=7000 positive=0 pruned=3564 depth=15 smallest=inf
CASE ordinal=587 f=41 n=44 phase=corner boxes=60 positive=0 pruned=38 depth=7 smallest=inf
CASE ordinal=587 f=41 n=44 phase=lower boxes=7462 positive=0 pruned=3795 depth=15 smallest=inf
CASE ordinal=587 f=41 n=44 phase=open boxes=7394 positive=0 pruned=3761 depth=15 smallest=inf
CASE ordinal=595 f=43 n=43 phase=corner boxes=54 positive=0 pruned=35 depth=7 smallest=inf
CASE ordinal=595 f=43 n=43 phase=lower boxes=7762 positive=0 pruned=3945 depth=15 smallest=inf
CASE ordinal=595 f=43 n=43 phase=open boxes=7772 positive=0 pruned=3950 depth=15 smallest=inf
CASE ordinal=603 f=45 n=46 phase=corner boxes=58 positive=0 pruned=37 depth=6 smallest=inf
CASE ordinal=603 f=45 n=46 phase=lower boxes=8540 positive=0 pruned=4334 depth=15 smallest=inf
CASE ordinal=603 f=45 n=46 phase=open boxes=8508 positive=0 pruned=4318 depth=15 smallest=inf
PASS shard=3/8; pairs=76; cases=228; boxes=1030862; positive=258; max-depth=15; smallest=0.04178887764990063; coverage-sha256=6D409D5E044710737420FBCC37422A443D668D651F21524BF0F46AA46DBE72E6
