START pid=37872 f=3 n=51..58 precision=512 runtime_sha256=4AD4BAD7CECE561102B84C4983BD4C50D1BC39D59DA4D1ECD3D04BC7ADA9319F root_steps=12 panels=4 angle_steps=32 max_depth=72 max_boxes=500000
CASE f=3 n=51 phase=corner boxes=1421 positive=150 pruned=561 depth=13 smallest=0.02481903797839391 seconds=0.392076
CASE f=3 n=51 phase=lower boxes=70541 positive=0 pruned=35271 depth=23 smallest=inf seconds=103.632618
CASE f=3 n=51 phase=open boxes=44075 positive=0 pruned=22038 depth=23 smallest=inf seconds=15.504025
CASE f=3 n=52 phase=corner boxes=1447 positive=129 pruned=595 depth=13 smallest=0.016778640556572123 seconds=0.766221
CASE f=3 n=52 phase=lower boxes=68603 positive=0 pruned=34302 depth=23 smallest=inf seconds=124.194209
CASE f=3 n=52 phase=open boxes=44107 positive=0 pruned=22054 depth=23 smallest=inf seconds=9.326099
CASE f=3 n=53 phase=corner boxes=1467 positive=125 pruned=609 depth=13 smallest=0.19490607097386112 seconds=0.489929
CASE f=3 n=53 phase=lower boxes=66339 positive=0 pruned=33170 depth=23 smallest=inf seconds=119.173750
CASE f=3 n=53 phase=open boxes=44585 positive=0 pruned=22293 depth=23 smallest=inf seconds=10.041357
CASE f=3 n=54 phase=corner boxes=1451 positive=118 pruned=608 depth=13 smallest=0.14473335547861782 seconds=0.452585
CASE f=3 n=54 phase=lower boxes=64941 positive=0 pruned=32471 depth=23 smallest=inf seconds=97.778906
CASE f=3 n=54 phase=open boxes=44685 positive=0 pruned=22343 depth=23 smallest=inf seconds=10.696874
CASE f=3 n=55 phase=corner boxes=1441 positive=107 pruned=614 depth=13 smallest=0.10476558446413897 seconds=0.430468
CASE f=3 n=55 phase=lower boxes=61897 positive=0 pruned=30949 depth=23 smallest=inf seconds=95.958912
CASE f=3 n=55 phase=open boxes=45183 positive=0 pruned=22592 depth=23 smallest=inf seconds=11.076458
CASE f=3 n=56 phase=corner boxes=1431 positive=89 pruned=627 depth=13 smallest=0.07509284335982734 seconds=0.498688
CASE f=3 n=56 phase=lower boxes=61611 positive=0 pruned=30806 depth=23 smallest=inf seconds=89.707001
CASE f=3 n=56 phase=open boxes=46351 positive=0 pruned=23176 depth=23 smallest=inf seconds=10.221790
CASE f=3 n=57 phase=corner boxes=1419 positive=73 pruned=637 depth=13 smallest=0.05511287078427837 seconds=0.399257
CASE f=3 n=57 phase=lower boxes=59183 positive=0 pruned=29592 depth=23 smallest=inf seconds=85.231588
CASE f=3 n=57 phase=open boxes=46839 positive=0 pruned=23420 depth=23 smallest=inf seconds=12.162440
CASE f=3 n=58 phase=corner boxes=1405 positive=60 pruned=643 depth=13 smallest=0.045248966164193896 seconds=1.171564
CASE f=3 n=58 phase=lower boxes=58441 positive=0 pruned=29221 depth=23 smallest=inf seconds=86.449112
CASE f=3 n=58 phase=open boxes=48359 positive=0 pruned=24180 depth=23 smallest=inf seconds=10.261881
PASS f=3 n=51..58 cases=24 boxes=887222 positive=851 pruned=442772 depth=23 smallest=0.016778640556572123 seconds=896.020259
PHASE corner cases=8 boxes=11482 positive=851 pruned=4894 depth=13 smallest=0.016778640556572123
PHASE lower cases=8 boxes=511556 positive=0 pruned=255782 depth=23 smallest=inf
PHASE open cases=8 boxes=364184 positive=0 pruned=182096 depth=23 smallest=inf
