START pid=36204 f=3 n=59..80 precision=512 runtime_sha256=4AD4BAD7CECE561102B84C4983BD4C50D1BC39D59DA4D1ECD3D04BC7ADA9319F root_steps=12 panels=4 angle_steps=32 max_depth=72 max_boxes=500000
CASE f=3 n=59 phase=corner boxes=1397 positive=47 pruned=652 depth=13 smallest=0.04475870114570586 seconds=0.231679
CASE f=3 n=59 phase=lower boxes=56573 positive=0 pruned=28287 depth=23 smallest=inf seconds=71.478700
CASE f=3 n=59 phase=open boxes=47975 positive=0 pruned=23988 depth=23 smallest=inf seconds=8.427455
CASE f=3 n=60 phase=corner boxes=1387 positive=35 pruned=659 depth=13 smallest=0.05398941797660075 seconds=0.336621
CASE f=3 n=60 phase=lower boxes=55663 positive=0 pruned=27832 depth=23 smallest=inf seconds=63.369035
CASE f=3 n=60 phase=open boxes=50093 positive=0 pruned=25047 depth=23 smallest=inf seconds=8.552840
CASE f=3 n=61 phase=corner boxes=1373 positive=22 pruned=665 depth=13 smallest=0.07237625654667189 seconds=0.297640
CASE f=3 n=61 phase=lower boxes=53237 positive=0 pruned=26619 depth=23 smallest=inf seconds=60.670049
CASE f=3 n=61 phase=open boxes=50165 positive=0 pruned=25083 depth=23 smallest=inf seconds=8.812481
CASE f=3 n=62 phase=corner boxes=1369 positive=11 pruned=674 depth=13 smallest=0.10012722354051559 seconds=0.299897
CASE f=3 n=62 phase=lower boxes=52777 positive=0 pruned=26389 depth=23 smallest=inf seconds=62.650068
CASE f=3 n=62 phase=open boxes=52777 positive=0 pruned=26389 depth=23 smallest=inf seconds=9.529405
CASE f=3 n=63 phase=corner boxes=1353 positive=0 pruned=677 depth=13 smallest=inf seconds=0.253401
CASE f=3 n=63 phase=lower boxes=51347 positive=0 pruned=25674 depth=23 smallest=inf seconds=61.002231
CASE f=3 n=63 phase=open boxes=51347 positive=0 pruned=25674 depth=23 smallest=inf seconds=8.942783
CASE f=3 n=64 phase=corner boxes=1325 positive=0 pruned=663 depth=13 smallest=inf seconds=0.293974
CASE f=3 n=64 phase=lower boxes=50029 positive=0 pruned=25015 depth=23 smallest=inf seconds=57.365253
CASE f=3 n=64 phase=open boxes=50029 positive=0 pruned=25015 depth=23 smallest=inf seconds=7.955834
CASE f=3 n=65 phase=corner boxes=1291 positive=0 pruned=646 depth=13 smallest=inf seconds=0.283793
CASE f=3 n=65 phase=lower boxes=48919 positive=0 pruned=24460 depth=23 smallest=inf seconds=53.609869
CASE f=3 n=65 phase=open boxes=48919 positive=0 pruned=24460 depth=23 smallest=inf seconds=7.019303
CASE f=3 n=66 phase=corner boxes=1261 positive=0 pruned=631 depth=13 smallest=inf seconds=0.256124
CASE f=3 n=66 phase=lower boxes=45865 positive=0 pruned=22933 depth=23 smallest=inf seconds=49.369445
CASE f=3 n=66 phase=open boxes=45865 positive=0 pruned=22933 depth=23 smallest=inf seconds=5.859826
CASE f=3 n=67 phase=corner boxes=1237 positive=0 pruned=619 depth=13 smallest=inf seconds=0.254552
CASE f=3 n=67 phase=lower boxes=46339 positive=0 pruned=23170 depth=23 smallest=inf seconds=53.415272
CASE f=3 n=67 phase=open boxes=46339 positive=0 pruned=23170 depth=23 smallest=inf seconds=5.805819
CASE f=3 n=68 phase=corner boxes=1201 positive=0 pruned=601 depth=13 smallest=inf seconds=0.212886
CASE f=3 n=68 phase=lower boxes=45433 positive=0 pruned=22717 depth=23 smallest=inf seconds=56.464145
CASE f=3 n=68 phase=open boxes=45433 positive=0 pruned=22717 depth=23 smallest=inf seconds=6.305673
CASE f=3 n=69 phase=corner boxes=1177 positive=0 pruned=589 depth=13 smallest=inf seconds=0.263521
CASE f=3 n=69 phase=lower boxes=45739 positive=0 pruned=22870 depth=23 smallest=inf seconds=53.620653
CASE f=3 n=69 phase=open boxes=45739 positive=0 pruned=22870 depth=23 smallest=inf seconds=5.609678
CASE f=3 n=70 phase=corner boxes=1151 positive=0 pruned=576 depth=13 smallest=inf seconds=0.254282
CASE f=3 n=70 phase=lower boxes=45375 positive=0 pruned=22688 depth=23 smallest=inf seconds=53.319141
CASE f=3 n=70 phase=open boxes=45375 positive=0 pruned=22688 depth=23 smallest=inf seconds=5.575675
CASE f=3 n=71 phase=corner boxes=1125 positive=0 pruned=563 depth=13 smallest=inf seconds=0.236674
CASE f=3 n=71 phase=lower boxes=44283 positive=0 pruned=22142 depth=23 smallest=inf seconds=57.758284
CASE f=3 n=71 phase=open boxes=44283 positive=0 pruned=22142 depth=23 smallest=inf seconds=9.005779
CASE f=3 n=72 phase=corner boxes=1093 positive=0 pruned=547 depth=13 smallest=inf seconds=0.308191
CASE f=3 n=72 phase=lower boxes=44671 positive=0 pruned=22336 depth=23 smallest=inf seconds=84.477659
CASE f=3 n=72 phase=open boxes=44671 positive=0 pruned=22336 depth=23 smallest=inf seconds=5.103908
CASE f=3 n=73 phase=corner boxes=1071 positive=0 pruned=536 depth=13 smallest=inf seconds=0.242739
CASE f=3 n=73 phase=lower boxes=44701 positive=0 pruned=22351 depth=23 smallest=inf seconds=57.058580
CASE f=3 n=73 phase=open boxes=44701 positive=0 pruned=22351 depth=23 smallest=inf seconds=5.043925
CASE f=3 n=74 phase=corner boxes=1051 positive=0 pruned=526 depth=13 smallest=inf seconds=0.207404
CASE f=3 n=74 phase=lower boxes=43653 positive=0 pruned=21827 depth=23 smallest=inf seconds=59.503597
CASE f=3 n=74 phase=open boxes=43653 positive=0 pruned=21827 depth=23 smallest=inf seconds=10.809039
CASE f=3 n=75 phase=corner boxes=1021 positive=0 pruned=511 depth=13 smallest=inf seconds=0.436654
CASE f=3 n=75 phase=lower boxes=43243 positive=0 pruned=21622 depth=23 smallest=inf seconds=67.806103
CASE f=3 n=75 phase=open boxes=43243 positive=0 pruned=21622 depth=23 smallest=inf seconds=4.679230
CASE f=3 n=76 phase=corner boxes=995 positive=0 pruned=498 depth=13 smallest=inf seconds=0.232386
CASE f=3 n=76 phase=lower boxes=41291 positive=0 pruned=20646 depth=23 smallest=inf seconds=52.872114
CASE f=3 n=76 phase=open boxes=41291 positive=0 pruned=20646 depth=23 smallest=inf seconds=3.941432
CASE f=3 n=77 phase=corner boxes=971 positive=0 pruned=486 depth=13 smallest=inf seconds=0.183722
CASE f=3 n=77 phase=lower boxes=41391 positive=0 pruned=20696 depth=23 smallest=inf seconds=53.924364
CASE f=3 n=77 phase=open boxes=41391 positive=0 pruned=20696 depth=23 smallest=inf seconds=4.312070
CASE f=3 n=78 phase=corner boxes=943 positive=0 pruned=472 depth=13 smallest=inf seconds=0.197742
CASE f=3 n=78 phase=lower boxes=41419 positive=0 pruned=20710 depth=23 smallest=inf seconds=54.475994
CASE f=3 n=78 phase=open boxes=41419 positive=0 pruned=20710 depth=23 smallest=inf seconds=4.066265
CASE f=3 n=79 phase=corner boxes=911 positive=0 pruned=456 depth=13 smallest=inf seconds=0.307745
CASE f=3 n=79 phase=lower boxes=41205 positive=0 pruned=20603 depth=23 smallest=inf seconds=53.563000
CASE f=3 n=79 phase=open boxes=41205 positive=0 pruned=20603 depth=23 smallest=inf seconds=3.750363
CASE f=3 n=80 phase=corner boxes=883 positive=0 pruned=442 depth=13 smallest=inf seconds=0.212170
CASE f=3 n=80 phase=lower boxes=40535 positive=0 pruned=20268 depth=23 smallest=inf seconds=51.200176
CASE f=3 n=80 phase=open boxes=40535 positive=0 pruned=20268 depth=23 smallest=inf seconds=3.364003
PASS f=3 n=59..80 cases=66 boxes=2055722 positive=115 pruned=1027779 depth=23 smallest=0.04475870114570586 seconds=1437.255529
PHASE corner cases=22 boxes=25586 positive=115 pruned=12689 depth=13 smallest=0.04475870114570586
PHASE lower cases=22 boxes=1023688 positive=0 pruned=511855 depth=23 smallest=inf
PHASE open cases=22 boxes=1006448 positive=0 pruned=503235 depth=23 smallest=inf
