START pid=32988 f=3 n=81..101 precision=512 runtime_sha256=4AD4BAD7CECE561102B84C4983BD4C50D1BC39D59DA4D1ECD3D04BC7ADA9319F root_steps=12 panels=4 angle_steps=32 max_depth=72 max_boxes=500000
CASE f=3 n=81 phase=corner boxes=869 positive=0 pruned=435 depth=12 smallest=inf seconds=0.112815
CASE f=3 n=81 phase=lower boxes=40547 positive=0 pruned=20274 depth=23 smallest=inf seconds=47.235665
CASE f=3 n=81 phase=open boxes=40547 positive=0 pruned=20274 depth=23 smallest=inf seconds=3.177140
CASE f=3 n=82 phase=corner boxes=861 positive=0 pruned=431 depth=12 smallest=inf seconds=0.157160
CASE f=3 n=82 phase=lower boxes=40535 positive=0 pruned=20268 depth=23 smallest=inf seconds=42.582433
CASE f=3 n=82 phase=open boxes=40535 positive=0 pruned=20268 depth=23 smallest=inf seconds=2.888950
CASE f=3 n=83 phase=corner boxes=847 positive=0 pruned=424 depth=12 smallest=inf seconds=0.155072
CASE f=3 n=83 phase=lower boxes=40359 positive=0 pruned=20180 depth=23 smallest=inf seconds=41.469684
CASE f=3 n=83 phase=open boxes=40359 positive=0 pruned=20180 depth=23 smallest=inf seconds=2.923281
CASE f=3 n=84 phase=corner boxes=831 positive=0 pruned=416 depth=12 smallest=inf seconds=0.144877
CASE f=3 n=84 phase=lower boxes=39405 positive=0 pruned=19703 depth=23 smallest=inf seconds=40.675556
CASE f=3 n=84 phase=open boxes=39405 positive=0 pruned=19703 depth=23 smallest=inf seconds=2.422613
CASE f=3 n=85 phase=corner boxes=821 positive=0 pruned=411 depth=12 smallest=inf seconds=0.132030
CASE f=3 n=85 phase=lower boxes=39153 positive=0 pruned=19577 depth=23 smallest=inf seconds=40.170189
CASE f=3 n=85 phase=open boxes=39153 positive=0 pruned=19577 depth=23 smallest=inf seconds=2.594168
CASE f=3 n=86 phase=corner boxes=801 positive=0 pruned=401 depth=12 smallest=inf seconds=0.128686
CASE f=3 n=86 phase=lower boxes=39099 positive=0 pruned=19550 depth=23 smallest=inf seconds=42.255832
CASE f=3 n=86 phase=open boxes=39099 positive=0 pruned=19550 depth=23 smallest=inf seconds=2.537226
CASE f=3 n=87 phase=corner boxes=757 positive=0 pruned=379 depth=12 smallest=inf seconds=0.157320
CASE f=3 n=87 phase=lower boxes=34385 positive=0 pruned=17193 depth=23 smallest=inf seconds=36.810005
CASE f=3 n=87 phase=open boxes=34385 positive=0 pruned=17193 depth=23 smallest=inf seconds=2.455130
CASE f=3 n=88 phase=corner boxes=737 positive=0 pruned=369 depth=12 smallest=inf seconds=0.140523
CASE f=3 n=88 phase=lower boxes=21789 positive=0 pruned=10895 depth=23 smallest=inf seconds=22.932452
CASE f=3 n=88 phase=open boxes=21789 positive=0 pruned=10895 depth=23 smallest=inf seconds=1.820587
CASE f=3 n=89 phase=corner boxes=717 positive=0 pruned=359 depth=12 smallest=inf seconds=0.117552
CASE f=3 n=89 phase=lower boxes=8629 positive=0 pruned=4315 depth=23 smallest=inf seconds=11.041755
CASE f=3 n=89 phase=open boxes=8629 positive=0 pruned=4315 depth=23 smallest=inf seconds=1.864619
CASE f=3 n=90 phase=corner boxes=705 positive=0 pruned=353 depth=12 smallest=inf seconds=0.164315
CASE f=3 n=90 phase=lower boxes=4497 positive=0 pruned=2249 depth=15 smallest=inf seconds=5.866521
CASE f=3 n=90 phase=open boxes=4497 positive=0 pruned=2249 depth=15 smallest=inf seconds=1.264682
CASE f=3 n=91 phase=corner boxes=693 positive=0 pruned=347 depth=12 smallest=inf seconds=0.106798
CASE f=3 n=91 phase=lower boxes=8327 positive=0 pruned=4164 depth=16 smallest=inf seconds=10.404655
CASE f=3 n=91 phase=open boxes=8327 positive=0 pruned=4164 depth=16 smallest=inf seconds=2.671664
CASE f=3 n=92 phase=corner boxes=679 positive=0 pruned=340 depth=12 smallest=inf seconds=0.116157
CASE f=3 n=92 phase=lower boxes=6511 positive=0 pruned=3256 depth=16 smallest=inf seconds=7.923134
CASE f=3 n=92 phase=open boxes=6511 positive=0 pruned=3256 depth=16 smallest=inf seconds=2.085952
CASE f=3 n=93 phase=corner boxes=669 positive=0 pruned=335 depth=12 smallest=inf seconds=0.143287
CASE f=3 n=93 phase=lower boxes=6359 positive=0 pruned=3180 depth=14 smallest=inf seconds=7.854388
CASE f=3 n=93 phase=open boxes=6359 positive=0 pruned=3180 depth=14 smallest=inf seconds=2.061535
CASE f=3 n=94 phase=corner boxes=653 positive=0 pruned=327 depth=12 smallest=inf seconds=0.134343
CASE f=3 n=94 phase=lower boxes=6235 positive=0 pruned=3118 depth=14 smallest=inf seconds=7.867792
CASE f=3 n=94 phase=open boxes=6235 positive=0 pruned=3118 depth=14 smallest=inf seconds=2.001070
CASE f=3 n=95 phase=corner boxes=643 positive=0 pruned=322 depth=12 smallest=inf seconds=0.109800
CASE f=3 n=95 phase=lower boxes=6113 positive=0 pruned=3057 depth=14 smallest=inf seconds=7.482829
CASE f=3 n=95 phase=open boxes=6113 positive=0 pruned=3057 depth=14 smallest=inf seconds=1.951226
CASE f=3 n=96 phase=corner boxes=629 positive=0 pruned=315 depth=12 smallest=inf seconds=0.122515
CASE f=3 n=96 phase=lower boxes=6079 positive=0 pruned=3040 depth=14 smallest=inf seconds=7.111568
CASE f=3 n=96 phase=open boxes=6079 positive=0 pruned=3040 depth=14 smallest=inf seconds=1.931014
CASE f=3 n=97 phase=corner boxes=613 positive=0 pruned=307 depth=12 smallest=inf seconds=0.118380
CASE f=3 n=97 phase=lower boxes=6079 positive=0 pruned=3040 depth=14 smallest=inf seconds=7.506602
CASE f=3 n=97 phase=open boxes=6079 positive=0 pruned=3040 depth=14 smallest=inf seconds=1.969952
CASE f=3 n=98 phase=corner boxes=601 positive=0 pruned=301 depth=12 smallest=inf seconds=0.108525
CASE f=3 n=98 phase=lower boxes=6079 positive=0 pruned=3040 depth=14 smallest=inf seconds=7.726643
CASE f=3 n=98 phase=open boxes=6079 positive=0 pruned=3040 depth=14 smallest=inf seconds=1.925976
CASE f=3 n=99 phase=corner boxes=589 positive=0 pruned=295 depth=12 smallest=inf seconds=0.079721
CASE f=3 n=99 phase=lower boxes=5909 positive=0 pruned=2955 depth=14 smallest=inf seconds=7.033373
CASE f=3 n=99 phase=open boxes=5909 positive=0 pruned=2955 depth=14 smallest=inf seconds=1.906124
CASE f=3 n=100 phase=corner boxes=573 positive=0 pruned=287 depth=12 smallest=inf seconds=0.092642
CASE f=3 n=100 phase=lower boxes=5333 positive=0 pruned=2667 depth=14 smallest=inf seconds=6.241452
CASE f=3 n=100 phase=open boxes=5333 positive=0 pruned=2667 depth=14 smallest=inf seconds=1.651811
CASE f=3 n=101 phase=corner boxes=567 positive=0 pruned=284 depth=11 smallest=inf seconds=0.089944
CASE f=3 n=101 phase=lower boxes=5169 positive=0 pruned=2585 depth=14 smallest=inf seconds=6.429482
CASE f=3 n=101 phase=open boxes=5169 positive=0 pruned=2585 depth=14 smallest=inf seconds=1.590874
PASS f=3 n=81..101 cases=63 boxes=768037 positive=0 pruned=384050 depth=23 smallest=inf seconds=462.954678
PHASE corner cases=21 boxes=14855 positive=0 pruned=7438 depth=12 smallest=inf
PHASE lower cases=21 boxes=376591 positive=0 pruned=188306 depth=23 smallest=inf
PHASE open cases=21 boxes=376591 positive=0 pruned=188306 depth=23 smallest=inf
